# JRE version: OpenJDK Runtime Environment Temurin-17.0.4.1+1 (17.0.4.1+1) (build 17.0.4.1+1)
# Java VM: OpenJDK 64-Bit Server VM Temurin-17.0.4.1+1 (17.0.4.1+1, mixed mode, sharing, tiered, compressed oops, compressed class ptrs, g1 gc, windows-amd64)
GC Precious Log:
 CPUs: 12 total, 12 available
 Memory: 16273M
 Large Page Support: Disabled
 NUMA Support: Disabled
 Compressed Oops: Enabled (Zero based)
 Heap Region Size: 2M
 Heap Min Capacity: 8M
 Heap Initial Capacity: 256M
 Heap Max Capacity: 4070M
 Pre-touch: Disabled
 Parallel Workers: 10
 Concurrent Workers: 3
 Concurrent Refinement Workers: 10
 Periodic GC: Disabled
Heap:
 garbage-first heap   total 120832K, used 71103K [0x0000000701a00000, 0x0000000800000000)
  region size 2048K, 6 young (12288K), 1 survivors (2048K)
 Metaspace       used 33258K, committed 33600K, reserved 1081344K
  class space    used 4842K, committed 4992K, reserved 1048576K
GC Heap History (20 events):
Event: 0.954 GC heap before
{Heap before GC invocations=1 (full 0):
 garbage-first heap   total 262144K, used 29766K [0x0000000701a00000, 0x0000000800000000)
  region size 2048K, 15 young (30720K), 2 survivors (4096K)
 Metaspace       used 14532K, committed 14784K, reserved 1064960K
  class space    used 2037K, committed 2176K, reserved 1048576K
}
Event: 0.957 GC heap after
{Heap after GC invocations=2 (full 0):
 garbage-first heap   total 262144K, used 10281K [0x0000000701a00000, 0x0000000800000000)
  region size 2048K, 2 young (4096K), 2 survivors (4096K)
 Metaspace       used 14532K, committed 14784K, reserved 1064960K
  class space    used 2037K, committed 2176K, reserved 1048576K
}
Event: 1.332 GC heap before
{Heap before GC invocations=2 (full 0):
 garbage-first heap   total 262144K, used 24617K [0x0000000701a00000, 0x0000000800000000)
  region size 2048K, 10 young (20480K), 2 survivors (4096K)
 Metaspace       used 21243K, committed 21504K, reserved 1073152K
  class space    used 3042K, committed 3136K, reserved 1048576K
}
Event: 1.335 GC heap after
{Heap after GC invocations=3 (full 0):
 garbage-first heap   total 262144K, used 12788K [0x0000000701a00000, 0x0000000800000000)
  region size 2048K, 4 young (8192K), 4 survivors (8192K)
 Metaspace       used 21243K, committed 21504K, reserved 1073152K
  class space    used 3042K, committed 3136K, reserved 1048576K
}
Event: 2.036 GC heap before
{Heap before GC invocations=4 (full 0):
 garbage-first heap   total 61440K, used 41460K [0x0000000701a00000, 0x0000000800000000)
  region size 2048K, 18 young (36864K), 4 survivors (8192K)
 Metaspace       used 28014K, committed 28352K, reserved 1073152K
  class space    used 4109K, committed 4224K, reserved 1048576K
}
Event: 2.040 GC heap after
{Heap after GC invocations=5 (full 0):
 garbage-first heap   total 61440K, used 15786K [0x0000000701a00000, 0x0000000800000000)
  region size 2048K, 3 young (6144K), 3 survivors (6144K)
 Metaspace       used 28014K, committed 28352K, reserved 1073152K
  class space    used 4109K, committed 4224K, reserved 1048576K
}
Event: 2.130 GC heap before
{Heap before GC invocations=5 (full 0):
 garbage-first heap   total 61440K, used 19882K [0x0000000701a00000, 0x0000000800000000)
  region size 2048K, 5 young (10240K), 3 survivors (6144K)
 Metaspace       used 28169K, committed 28480K, reserved 1073152K
  class space    used 4127K, committed 4288K, reserved 1048576K
}
Event: 2.133 GC heap after
{Heap after GC invocations=6 (full 0):
 garbage-first heap   total 61440K, used 19284K [0x0000000701a00000, 0x0000000800000000)
  region size 2048K, 1 young (2048K), 1 survivors (2048K)
 Metaspace       used 28169K, committed 28480K, reserved 1073152K
  class space    used 4127K, committed 4288K, reserved 1048576K
}
Event: 2.540 GC heap before
{Heap before GC invocations=6 (full 0):
 garbage-first heap   total 67584K, used 58196K [0x0000000701a00000, 0x0000000800000000)
  region size 2048K, 6 young (12288K), 1 survivors (2048K)
 Metaspace       used 29913K, committed 30208K, reserved 1081344K
  class space    used 4481K, committed 4608K, reserved 1048576K
}
Event: 2.541 GC heap after
{Heap after GC invocations=7 (full 0):
 garbage-first heap   total 67584K, used 51892K [0x0000000701a00000, 0x0000000800000000)
  region size 2048K, 2 young (4096K), 2 survivors (4096K)
 Metaspace       used 29913K, committed 30208K, reserved 1081344K
  class space    used 4481K, committed 4608K, reserved 1048576K
}
Event: 2.648 GC heap before
{Heap before GC invocations=7 (full 0):
 garbage-first heap   total 67584K, used 53940K [0x0000000701a00000, 0x0000000800000000)
  region size 2048K, 3 young (6144K), 2 survivors (4096K)
 Metaspace       used 30345K, committed 30720K, reserved 1081344K
  class space    used 4545K, committed 4736K, reserved 1048576K
}
Event: 2.650 GC heap after
{Heap after GC invocations=8 (full 0):
 garbage-first heap   total 67584K, used 52023K [0x0000000701a00000, 0x0000000800000000)
  region size 2048K, 1 young (2048K), 1 survivors (2048K)
 Metaspace       used 30345K, committed 30720K, reserved 1081344K
  class space    used 4545K, committed 4736K, reserved 1048576K
}
Event: 2.799 GC heap before
{Heap before GC invocations=9 (full 0):
 garbage-first heap   total 100352K, used 54071K [0x0000000701a00000, 0x0000000800000000)
  region size 2048K, 2 young (4096K), 1 survivors (2048K)
 Metaspace       used 30670K, committed 30976K, reserved 1081344K
  class space    used 4575K, committed 4736K, reserved 1048576K
}
Event: 2.800 GC heap after
{Heap after GC invocations=10 (full 0):
 garbage-first heap   total 120832K, used 52084K [0x0000000701a00000, 0x0000000800000000)
  region size 2048K, 1 young (2048K), 1 survivors (2048K)
 Metaspace       used 30670K, committed 30976K, reserved 1081344K
  class space    used 4575K, committed 4736K, reserved 1048576K
}
Event: 2.844 GC heap before
{Heap before GC invocations=10 (full 0):
 garbage-first heap   total 120832K, used 54132K [0x0000000701a00000, 0x0000000800000000)
  region size 2048K, 4 young (8192K), 1 survivors (2048K)
 Metaspace       used 32086K, committed 32384K, reserved 1081344K
  class space    used 4728K, committed 4864K, reserved 1048576K
}
Event: 2.845 GC heap after
{Heap after GC invocations=11 (full 0):
 garbage-first heap   total 120832K, used 52875K [0x0000000701a00000, 0x0000000800000000)
  region size 2048K, 1 young (2048K), 1 survivors (2048K)
 Metaspace       used 32086K, committed 32384K, reserved 1081344K
  class space    used 4728K, committed 4864K, reserved 1048576K
}
Event: 3.014 GC heap before
{Heap before GC invocations=12 (full 0):
 garbage-first heap   total 120832K, used 87691K [0x0000000701a00000, 0x0000000800000000)
  region size 2048K, 18 young (36864K), 1 survivors (2048K)
 Metaspace       used 33047K, committed 33408K, reserved 1081344K
  class space    used 4822K, committed 4992K, reserved 1048576K
}
Event: 3.018 GC heap after
{Heap after GC invocations=13 (full 0):
 garbage-first heap   total 120832K, used 61628K [0x0000000701a00000, 0x0000000800000000)
  region size 2048K, 3 young (6144K), 3 survivors (6144K)
 Metaspace       used 33047K, committed 33408K, reserved 1081344K
  class space    used 4822K, committed 4992K, reserved 1048576K
}
Event: 3.049 GC heap before
{Heap before GC invocations=13 (full 0):
 garbage-first heap   total 120832K, used 86204K [0x0000000701a00000, 0x0000000800000000)
  region size 2048K, 16 young (32768K), 3 survivors (6144K)
 Metaspace       used 33203K, committed 33536K, reserved 1081344K
  class space    used 4839K, committed 4992K, reserved 1048576K
}
Event: 3.052 GC heap after
{Heap after GC invocations=14 (full 0):
 garbage-first heap   total 120832K, used 62911K [0x0000000701a00000, 0x0000000800000000)
  region size 2048K, 1 young (2048K), 1 survivors (2048K)
 Metaspace       used 33203K, committed 33536K, reserved 1081344K
  class space    used 4839K, committed 4992K, reserved 1048576K
}

